<?xml version="1.0" encoding="UTF-8" ?>
<testsuite failures="4" time="0.034" errors="0" skipped="4" tests="45" name="cucumber.examples.java.helloworld.RunCukesTest">
  <properties>
[...]
</properties>
  <testcase time="0.001" classname="Given a user \&quot;Laurent Meurisse\&quot;   " name="Given a user \&quot;Laurent Meurisse\&quot;   "/>
  <testcase time="0" classname="And his login is \&quot;lmeurisse\&quot; and Password \&quot;coucou\&quot;    " name="And his login is \&quot;lmeurisse\&quot; and Password \&quot;coucou\&quot;    "/>
  <testcase time="0" classname="When he wants to be connected with this login \&quot;lmeurisse\&quot; and password \&quot;coucou\&quot;     " name="When he wants to be connected with this login \&quot;lmeurisse\&quot; and password \&quot;coucou\&quot;     "/>
  <testcase time="0" classname="Then the system authorize him      " name="Then the system authorize him      "/>
  <testcase time="0.001" classname="Scenario: correct login  " name="Scenario: correct login  "/>
  <testcase time="0" classname="Given a user \&quot;Laurent Meurisse\&quot;        " name="Given a user \&quot;Laurent Meurisse\&quot;        "/>
  <testcase time="0" classname="And his login is \&quot;lmeurisse\&quot; and Password \&quot;coucou\&quot;         " name="And his login is \&quot;lmeurisse\&quot; and Password \&quot;coucou\&quot;         "/>
  <testcase time="0" classname="When he wants to be connected with this login \&quot;lmeurisse\&quot; and password \&quot;coucoux\&quot;          " name="When he wants to be connected with this login \&quot;lmeurisse\&quot; and password \&quot;coucoux\&quot;          "/>
  <testcase time="0" classname="Then the system display the password fail           " name="Then the system display the password fail           "/>
  <testcase time="0.003" classname="Scenario: to login error       " name="Scenario: to login error       "/>
  <testcase time="0" classname="Given a user \&quot;Laurent Meurisse\&quot;             " name="Given a user \&quot;Laurent Meurisse\&quot;             "/>
  <testcase time="0" classname="And his login is \&quot;lmeurisse\&quot; and Password \&quot;coucou\&quot;              " name="And his login is \&quot;lmeurisse\&quot; and Password \&quot;coucou\&quot;              "/>
  <testcase time="0" classname="When he wants to be connected with this login \&quot;lmeurisse\&quot; and password \&quot;coucoux\&quot;               " name="When he wants to be connected with this login \&quot;lmeurisse\&quot; and password \&quot;coucoux\&quot;               "/>
  <testcase time="0" classname="Then the system display the password fail                " name="Then the system display the password fail                "/>
  <testcase time="0" classname="When he wants to be connected with this login \&quot;lmeurisse\&quot; and password \&quot;coucoux\&quot;                 " name="When he wants to be connected with this login \&quot;lmeurisse\&quot; and password \&quot;coucoux\&quot;                 "/>
  <testcase time="0" classname="Then the system display the password fail                  " name="Then the system display the password fail                  "/>
  <testcase time="0" classname="When he wants to be connected with this login \&quot;lmeurisse\&quot; and password \&quot;coucoux\&quot;                   " name="When he wants to be connected with this login \&quot;lmeurisse\&quot; and password \&quot;coucoux\&quot;                   "/>
  <testcase time="0" classname="Then the system display that the account is locked                    " name="Then the system display that the account is locked                    "/>
  <testcase time="0" classname="When he wants to be connected with this login \&quot;lmeurisse\&quot; and password \&quot;coucou\&quot;                     " name="When he wants to be connected with this login \&quot;lmeurisse\&quot; and password \&quot;coucou\&quot;                     "/>
  <testcase time="0.001" classname="Then the system display that the account is locked                      " name="Then the system display that the account is locked                      ">
    <failure message="expected:&lt;[account locked]&gt; but was:&lt;[OK]&gt;" type="org.junit.ComparisonFailure">org.junit.ComparisonFailure: expected:&lt;[account locked]&gt; but was:&lt;[OK]&gt;
	at org.junit.Assert.assertEquals(Assert.java:125)
	at org.junit.Assert.assertEquals(Assert.java:147)
	at cucumber.examples.java.helloworld.Cool.the_system_display_that_the_account_is_locked(Cool.java:73)
	at ✽.Then the system display that the account is locked(target/generated-test-sources/cucumber/2.feature:35)
</failure>
  </testcase>
  <testcase time="0.002" classname="Scenario: Password fail three times            " name="Scenario: Password fail three times            ">
    <failure message="expected:&lt;[account locked]&gt; but was:&lt;[OK]&gt;" type="org.junit.ComparisonFailure">org.junit.ComparisonFailure: expected:&lt;[account locked]&gt; but was:&lt;[OK]&gt;
	at org.junit.Assert.assertEquals(Assert.java:125)
	at org.junit.Assert.assertEquals(Assert.java:147)
	at cucumber.examples.java.helloworld.Cool.the_system_display_that_the_account_is_locked(Cool.java:73)
	at ✽.Then the system display that the account is locked(target/generated-test-sources/cucumber/2.feature:35)
</failure>
  </testcase>
  <testcase time="0" classname="Given a user \&quot;Laurent Meurisse\&quot;                        " name="Given a user \&quot;Laurent Meurisse\&quot;                        "/>
  <testcase time="0" classname="And his login is \&quot;lmeurisse\&quot; and Password \&quot;coucou\&quot;                         " name="And his login is \&quot;lmeurisse\&quot; and Password \&quot;coucou\&quot;                         "/>
  <testcase time="0" classname="When he wants to be connected with this login \&quot;lmeurisse\&quot; and password \&quot;coucoux\&quot;                          " name="When he wants to be connected with this login \&quot;lmeurisse\&quot; and password \&quot;coucoux\&quot;                          "/>
  <testcase time="0" classname="Then the system display the password fail                           " name="Then the system display the password fail                           "/>
  <testcase time="0" classname="When he wants to be connected with this login \&quot;lmeurisse\&quot; and password \&quot;coucoux\&quot;                            " name="When he wants to be connected with this login \&quot;lmeurisse\&quot; and password \&quot;coucoux\&quot;                            "/>
  <testcase time="0" classname="Then the system display the password fail                             " name="Then the system display the password fail                             "/>
  <testcase time="0" classname="When he wants to be connected with this login \&quot;lmeurisse\&quot; and password \&quot;coucou\&quot;                              " name="When he wants to be connected with this login \&quot;lmeurisse\&quot; and password \&quot;coucou\&quot;                              "/>
  <testcase time="0" classname="Then the system authorize him                               " name="Then the system authorize him                               "/>
  <testcase time="0" classname="Scenario: password fail 2x but good after                       " name="Scenario: password fail 2x but good after                       "/>
  <testcase time="0" classname="Given a user \&quot;Laurent Meurisse\&quot;                                 " name="Given a user \&quot;Laurent Meurisse\&quot;                                 "/>
  <testcase time="0" classname="And his login is \&quot;lmeurisse\&quot; and Password \&quot;coucou\&quot;                                  " name="And his login is \&quot;lmeurisse\&quot; and Password \&quot;coucou\&quot;                                  "/>
  <testcase time="0.001" classname="When he wants to be connected with this login \&quot;lmeurisse\&quot; and password \&quot;coucoux\&quot;                                   " name="When he wants to be connected with this login \&quot;lmeurisse\&quot; and password \&quot;coucoux\&quot;                                   "/>
  <testcase time="0" classname="Then the system display the password fail                                    " name="Then the system display the password fail                                    "/>
  <testcase time="0" classname="When he wants to be connected with this login \&quot;lmeurisse\&quot; and password \&quot;coucoux\&quot;                                     " name="When he wants to be connected with this login \&quot;lmeurisse\&quot; and password \&quot;coucoux\&quot;                                     "/>
  <testcase time="0.001" classname="Then the system display the password fail                                      " name="Then the system display the password fail                                      "/>
  <testcase time="0.002" classname="When he wants to be connected with this login \&quot;lmeurisse\&quot; and password \&quot;coucou\&quot;                                       " name="When he wants to be connected with this login \&quot;lmeurisse\&quot; and password \&quot;coucou\&quot;                                       "/>
  <testcase time="0" classname="Then the system authorize him                                        " name="Then the system authorize him                                        "/>
  <testcase time="0" classname="When he wants to be connected with this login \&quot;lmeurisse\&quot; and password \&quot;coucoux\&quot;                                         " name="When he wants to be connected with this login \&quot;lmeurisse\&quot; and password \&quot;coucoux\&quot;                                         "/>
  <testcase time="0" classname="Then the system display the password fail                                          " name="Then the system display the password fail                                          ">
    <failure message="expected:&lt;[password fail]&gt; but was:&lt;[account locked]&gt;" type="org.junit.ComparisonFailure">org.junit.ComparisonFailure: expected:&lt;[password fail]&gt; but was:&lt;[account locked]&gt;
	at org.junit.Assert.assertEquals(Assert.java:125)
	at org.junit.Assert.assertEquals(Assert.java:147)
	at cucumber.examples.java.helloworld.Cool.the_system_display_the_password_fail(Cool.java:65)
	at ✽.Then the system display the password fail(target/generated-test-sources/cucumber/2.feature:61)
</failure>
  </testcase>
  <testcase time="0.001" classname="Scenario: password fail 2x \u002C good after\u002C and fail 2x again \u002C good after                                " name="Scenario: password fail 2x \u002C good after\u002C and fail 2x again \u002C good after                                ">
    <failure message="expected:&lt;[password fail]&gt; but was:&lt;[account locked]&gt;" type="org.junit.ComparisonFailure">org.junit.ComparisonFailure: expected:&lt;[password fail]&gt; but was:&lt;[account locked]&gt;
	at org.junit.Assert.assertEquals(Assert.java:125)
	at org.junit.Assert.assertEquals(Assert.java:147)
	at cucumber.examples.java.helloworld.Cool.the_system_display_the_password_fail(Cool.java:65)
	at ✽.Then the system display the password fail(target/generated-test-sources/cucumber/2.feature:61)
</failure>
  </testcase>
  <testcase time="0.003" classname="When he wants to be connected with this login \&quot;lmeurisse\&quot; and password \&quot;coucoux\&quot;                                           " name="When he wants to be connected with this login \&quot;lmeurisse\&quot; and password \&quot;coucoux\&quot;                                           ">
    <skipped/>
  </testcase>
  <testcase time="0.005" classname="Then the system display the password fail                                            " name="Then the system display the password fail                                            ">
    <skipped/>
  </testcase>
  <testcase time="0.006" classname="When he wants to be connected with this login \&quot;lmeurisse\&quot; and password \&quot;coucou\&quot;                                             " name="When he wants to be connected with this login \&quot;lmeurisse\&quot; and password \&quot;coucou\&quot;                                             ">
    <skipped/>
  </testcase>
  <testcase time="0.007" classname="Then the system authorize him                                              " name="Then the system authorize him                                              ">
    <skipped/>
  </testcase>
</testsuite>