<?xml version="1.0" encoding="UTF-8" ?>
<testsuite failures="4" time="0.034" errors="0" skipped="4" tests="45" name="cucumber.examples.java.helloworld.RunCukesTest">
  <properties>
    <property name="java.runtime.name" value="Java(TM) SE Runtime Environment"/>
    <property name="sun.boot.library.path" value="/System/Library/Java/JavaVirtualMachines/1.6.0.jdk/Contents/Libraries"/>
    <property name="java.vm.version" value="20.12-b01-434"/>
    <property name="awt.nativeDoubleBuffering" value="true"/>
    <property name="gopherProxySet" value="false"/>
    <property name="mrj.build" value="11M3909"/>
    <property name="java.vm.vendor" value="Apple Inc."/>
    <property name="java.vendor.url" value="http://www.apple.com/"/>
    <property name="path.separator" value=":"/>
    <property name="guice.disable.misplaced.annotation.check" value="true"/>
    <property name="java.vm.name" value="Java HotSpot(TM) 64-Bit Server VM"/>
    <property name="file.encoding.pkg" value="sun.io"/>
    <property name="user.country" value="FR"/>
    <property name="sun.java.launcher" value="SUN_STANDARD"/>
    <property name="sun.os.patch.level" value="unknown"/>
    <property name="java.vm.specification.name" value="Java Virtual Machine Specification"/>
    <property name="user.dir" value="/Users/Lolo/Documents/Air France Agile/milweb/appproject"/>
    <property name="java.runtime.version" value="1.6.0_37-b06-434-11M3909"/>
    <property name="java.awt.graphicsenv" value="apple.awt.CGraphicsEnvironment"/>
    <property name="java.endorsed.dirs" value="/System/Library/Java/JavaVirtualMachines/1.6.0.jdk/Contents/Home/lib/endorsed"/>
    <property name="os.arch" value="x86_64"/>
    <property name="java.io.tmpdir" value="/var/folders/cs/wfslw9ls2px7m14q46lnbs500000gp/T/"/>
    <property name="line.separator" value="
"/>
    <property name="java.vm.specification.vendor" value="Sun Microsystems Inc."/>
    <property name="os.name" value="Mac OS X"/>
    <property name="classworlds.conf" value="/Users/Lolo/Documents/workspace-sts-2.9.1.RELEASE/.metadata/.plugins/org.eclipse.m2e.core/launches/m2conf7519470655503452830.tmp"/>
    <property name="sun.jnu.encoding" value="MacRoman"/>
    <property name="java.library.path" value=".:/Library/Java/Extensions:/System/Library/Java/Extensions:/usr/lib/java"/>
    <property name="java.specification.name" value="Java Platform API Specification"/>
    <property name="java.class.version" value="50.0"/>
    <property name="sun.management.compiler" value="HotSpot 64-Bit Tiered Compilers"/>
    <property name="os.version" value="10.8.2"/>
    <property name="http.nonProxyHosts" value="local|*.local|169.254/16|*.169.254/16"/>
    <property name="user.home" value="/Users/Lolo"/>
    <property name="user.timezone" value="Europe/Paris"/>
    <property name="java.awt.printerjob" value="apple.awt.CPrinterJob"/>
    <property name="java.specification.version" value="1.6"/>
    <property name="file.encoding" value="MacRoman"/>
    <property name="user.name" value="Lolo"/>
    <property name="java.class.path" value="/Users/Lolo/springsource/sts-2.9.1.RELEASE/plugins/org.eclipse.m2e.maven.runtime_1.0.200.20111228-1245/jars/plexus-classworlds-2.4.jar"/>
    <property name="java.vm.specification.version" value="1.0"/>
    <property name="sun.arch.data.model" value="64"/>
    <property name="java.home" value="/System/Library/Java/JavaVirtualMachines/1.6.0.jdk/Contents/Home"/>
    <property name="sun.java.command" value="org.codehaus.plexus.classworlds.launcher.Launcher -B clean verify"/>
    <property name="java.specification.vendor" value="Sun Microsystems Inc."/>
    <property name="user.language" value="fr"/>
    <property name="awt.toolkit" value="apple.awt.CToolkit"/>
    <property name="java.vm.info" value="mixed mode"/>
    <property name="java.version" value="1.6.0_37"/>
    <property name="java.ext.dirs" value="/Library/Java/Extensions:/System/Library/Java/Extensions:/System/Library/Java/JavaVirtualMachines/1.6.0.jdk/Contents/Home/lib/ext"/>
    <property name="sun.boot.class.path" value="/System/Library/Java/JavaVirtualMachines/1.6.0.jdk/Contents/Classes/jsfd.jar:/System/Library/Java/JavaVirtualMachines/1.6.0.jdk/Contents/Classes/classes.jar:/System/Library/Frameworks/JavaVM.framework/Frameworks/JavaRuntimeSupport.framework/Resources/Java/JavaRuntimeSupport.jar:/System/Library/Java/JavaVirtualMachines/1.6.0.jdk/Contents/Classes/ui.jar:/System/Library/Java/JavaVirtualMachines/1.6.0.jdk/Contents/Classes/laf.jar:/System/Library/Java/JavaVirtualMachines/1.6.0.jdk/Contents/Classes/sunrsasign.jar:/System/Library/Java/JavaVirtualMachines/1.6.0.jdk/Contents/Classes/jsse.jar:/System/Library/Java/JavaVirtualMachines/1.6.0.jdk/Contents/Classes/jce.jar:/System/Library/Java/JavaVirtualMachines/1.6.0.jdk/Contents/Classes/charsets.jar"/>
    <property name="java.vendor" value="Apple Inc."/>
    <property name="maven.home" value="/Users/Lolo/Documents/Air France Agile/milweb/appproject/EMBEDDED"/>
    <property name="file.separator" value="/"/>
    <property name="java.vendor.url.bug" value="http://bugreport.apple.com/"/>
    <property name="sun.cpu.endian" value="little"/>
    <property name="sun.io.unicode.encoding" value="UnicodeLittle"/>
    <property name="mrj.version" value="1070.1.6.0_37-434"/>
    <property name="socksNonProxyHosts" value="local|*.local|169.254/16|*.169.254/16"/>
    <property name="ftp.nonProxyHosts" value="local|*.local|169.254/16|*.169.254/16"/>
    <property name="sun.cpu.isalist" value=""/>
  </properties>
  <testcase time="0.001" classname="Given a user \&quot;Laurent Meurisse\&quot;   " name="Given a user \&quot;Laurent Meurisse\&quot;   "/>
  <testcase time="0" classname="And his login is \&quot;lmeurisse\&quot; and Password \&quot;coucou\&quot;    " name="And his login is \&quot;lmeurisse\&quot; and Password \&quot;coucou\&quot;    "/>
  <testcase time="0" classname="When he wants to be connected with this login \&quot;lmeurisse\&quot; and password \&quot;coucou\&quot;     " name="When he wants to be connected with this login \&quot;lmeurisse\&quot; and password \&quot;coucou\&quot;     "/>
  <testcase time="0" classname="Then the system authorize him      " name="Then the system authorize him      "/>
  <testcase time="0.001" classname="Scenario: correct login  " name="Scenario: correct login  "/>
  <testcase time="0" classname="Given a user \&quot;Laurent Meurisse\&quot;        " name="Given a user \&quot;Laurent Meurisse\&quot;        "/>
  <testcase time="0" classname="And his login is \&quot;lmeurisse\&quot; and Password \&quot;coucou\&quot;         " name="And his login is \&quot;lmeurisse\&quot; and Password \&quot;coucou\&quot;         "/>
  <testcase time="0" classname="When he wants to be connected with this login \&quot;lmeurisse\&quot; and password \&quot;coucoux\&quot;          " name="When he wants to be connected with this login \&quot;lmeurisse\&quot; and password \&quot;coucoux\&quot;          "/>
  <testcase time="0" classname="Then the system display the password fail           " name="Then the system display the password fail           "/>
  <testcase time="0.003" classname="Scenario: to login error       " name="Scenario: to login error       "/>
  <testcase time="0" classname="Given a user \&quot;Laurent Meurisse\&quot;             " name="Given a user \&quot;Laurent Meurisse\&quot;             "/>
  <testcase time="0" classname="And his login is \&quot;lmeurisse\&quot; and Password \&quot;coucou\&quot;              " name="And his login is \&quot;lmeurisse\&quot; and Password \&quot;coucou\&quot;              "/>
  <testcase time="0" classname="When he wants to be connected with this login \&quot;lmeurisse\&quot; and password \&quot;coucoux\&quot;               " name="When he wants to be connected with this login \&quot;lmeurisse\&quot; and password \&quot;coucoux\&quot;               "/>
  <testcase time="0" classname="Then the system display the password fail                " name="Then the system display the password fail                "/>
  <testcase time="0" classname="When he wants to be connected with this login \&quot;lmeurisse\&quot; and password \&quot;coucoux\&quot;                 " name="When he wants to be connected with this login \&quot;lmeurisse\&quot; and password \&quot;coucoux\&quot;                 "/>
  <testcase time="0" classname="Then the system display the password fail                  " name="Then the system display the password fail                  "/>
  <testcase time="0" classname="When he wants to be connected with this login \&quot;lmeurisse\&quot; and password \&quot;coucoux\&quot;                   " name="When he wants to be connected with this login \&quot;lmeurisse\&quot; and password \&quot;coucoux\&quot;                   "/>
  <testcase time="0" classname="Then the system display that the account is locked                    " name="Then the system display that the account is locked                    "/>
  <testcase time="0" classname="When he wants to be connected with this login \&quot;lmeurisse\&quot; and password \&quot;coucou\&quot;                     " name="When he wants to be connected with this login \&quot;lmeurisse\&quot; and password \&quot;coucou\&quot;                     "/>
  <testcase time="0.001" classname="Then the system display that the account is locked                      " name="Then the system display that the account is locked                      ">
    <failure message="expected:&lt;[account locked]&gt; but was:&lt;[OK]&gt;" type="org.junit.ComparisonFailure">org.junit.ComparisonFailure: expected:&lt;[account locked]&gt; but was:&lt;[OK]&gt;
	at org.junit.Assert.assertEquals(Assert.java:125)
	at org.junit.Assert.assertEquals(Assert.java:147)
	at cucumber.examples.java.helloworld.Cool.the_system_display_that_the_account_is_locked(Cool.java:73)
	at ✽.Then the system display that the account is locked(target/generated-test-sources/cucumber/2.feature:35)
</failure>
  </testcase>
  <testcase time="0.002" classname="Scenario: Password fail three times            " name="Scenario: Password fail three times            ">
    <failure message="expected:&lt;[account locked]&gt; but was:&lt;[OK]&gt;" type="org.junit.ComparisonFailure">org.junit.ComparisonFailure: expected:&lt;[account locked]&gt; but was:&lt;[OK]&gt;
	at org.junit.Assert.assertEquals(Assert.java:125)
	at org.junit.Assert.assertEquals(Assert.java:147)
	at cucumber.examples.java.helloworld.Cool.the_system_display_that_the_account_is_locked(Cool.java:73)
	at ✽.Then the system display that the account is locked(target/generated-test-sources/cucumber/2.feature:35)
</failure>
  </testcase>
  <testcase time="0" classname="Given a user \&quot;Laurent Meurisse\&quot;                        " name="Given a user \&quot;Laurent Meurisse\&quot;                        "/>
  <testcase time="0" classname="And his login is \&quot;lmeurisse\&quot; and Password \&quot;coucou\&quot;                         " name="And his login is \&quot;lmeurisse\&quot; and Password \&quot;coucou\&quot;                         "/>
  <testcase time="0" classname="When he wants to be connected with this login \&quot;lmeurisse\&quot; and password \&quot;coucoux\&quot;                          " name="When he wants to be connected with this login \&quot;lmeurisse\&quot; and password \&quot;coucoux\&quot;                          "/>
  <testcase time="0" classname="Then the system display the password fail                           " name="Then the system display the password fail                           "/>
  <testcase time="0" classname="When he wants to be connected with this login \&quot;lmeurisse\&quot; and password \&quot;coucoux\&quot;                            " name="When he wants to be connected with this login \&quot;lmeurisse\&quot; and password \&quot;coucoux\&quot;                            "/>
  <testcase time="0" classname="Then the system display the password fail                             " name="Then the system display the password fail                             "/>
  <testcase time="0" classname="When he wants to be connected with this login \&quot;lmeurisse\&quot; and password \&quot;coucou\&quot;                              " name="When he wants to be connected with this login \&quot;lmeurisse\&quot; and password \&quot;coucou\&quot;                              "/>
  <testcase time="0" classname="Then the system authorize him                               " name="Then the system authorize him                               "/>
  <testcase time="0" classname="Scenario: password fail 2x but good after                       " name="Scenario: password fail 2x but good after                       "/>
  <testcase time="0" classname="Given a user \&quot;Laurent Meurisse\&quot;                                 " name="Given a user \&quot;Laurent Meurisse\&quot;                                 "/>
  <testcase time="0" classname="And his login is \&quot;lmeurisse\&quot; and Password \&quot;coucou\&quot;                                  " name="And his login is \&quot;lmeurisse\&quot; and Password \&quot;coucou\&quot;                                  "/>
  <testcase time="0.001" classname="When he wants to be connected with this login \&quot;lmeurisse\&quot; and password \&quot;coucoux\&quot;                                   " name="When he wants to be connected with this login \&quot;lmeurisse\&quot; and password \&quot;coucoux\&quot;                                   "/>
  <testcase time="0" classname="Then the system display the password fail                                    " name="Then the system display the password fail                                    "/>
  <testcase time="0" classname="When he wants to be connected with this login \&quot;lmeurisse\&quot; and password \&quot;coucoux\&quot;                                     " name="When he wants to be connected with this login \&quot;lmeurisse\&quot; and password \&quot;coucoux\&quot;                                     "/>
  <testcase time="0.001" classname="Then the system display the password fail                                      " name="Then the system display the password fail                                      "/>
  <testcase time="0.002" classname="When he wants to be connected with this login \&quot;lmeurisse\&quot; and password \&quot;coucou\&quot;                                       " name="When he wants to be connected with this login \&quot;lmeurisse\&quot; and password \&quot;coucou\&quot;                                       "/>
  <testcase time="0" classname="Then the system authorize him                                        " name="Then the system authorize him                                        "/>
  <testcase time="0" classname="When he wants to be connected with this login \&quot;lmeurisse\&quot; and password \&quot;coucoux\&quot;                                         " name="When he wants to be connected with this login \&quot;lmeurisse\&quot; and password \&quot;coucoux\&quot;                                         "/>
  <testcase time="0" classname="Then the system display the password fail                                          " name="Then the system display the password fail                                          ">
    <failure message="expected:&lt;[password fail]&gt; but was:&lt;[account locked]&gt;" type="org.junit.ComparisonFailure">org.junit.ComparisonFailure: expected:&lt;[password fail]&gt; but was:&lt;[account locked]&gt;
	at org.junit.Assert.assertEquals(Assert.java:125)
	at org.junit.Assert.assertEquals(Assert.java:147)
	at cucumber.examples.java.helloworld.Cool.the_system_display_the_password_fail(Cool.java:65)
	at ✽.Then the system display the password fail(target/generated-test-sources/cucumber/2.feature:61)
</failure>
  </testcase>
  <testcase time="0.001" classname="Scenario: password fail 2x \u002C good after\u002C and fail 2x again \u002C good after                                " name="Scenario: password fail 2x \u002C good after\u002C and fail 2x again \u002C good after                                ">
    <failure message="expected:&lt;[password fail]&gt; but was:&lt;[account locked]&gt;" type="org.junit.ComparisonFailure">org.junit.ComparisonFailure: expected:&lt;[password fail]&gt; but was:&lt;[account locked]&gt;
	at org.junit.Assert.assertEquals(Assert.java:125)
	at org.junit.Assert.assertEquals(Assert.java:147)
	at cucumber.examples.java.helloworld.Cool.the_system_display_the_password_fail(Cool.java:65)
	at ✽.Then the system display the password fail(target/generated-test-sources/cucumber/2.feature:61)
</failure>
  </testcase>
  <testcase time="0.003" classname="When he wants to be connected with this login \&quot;lmeurisse\&quot; and password \&quot;coucoux\&quot;                                           " name="When he wants to be connected with this login \&quot;lmeurisse\&quot; and password \&quot;coucoux\&quot;                                           ">
    <skipped/>
  </testcase>
  <testcase time="0.005" classname="Then the system display the password fail                                            " name="Then the system display the password fail                                            ">
    <skipped/>
  </testcase>
  <testcase time="0.006" classname="When he wants to be connected with this login \&quot;lmeurisse\&quot; and password \&quot;coucou\&quot;                                             " name="When he wants to be connected with this login \&quot;lmeurisse\&quot; and password \&quot;coucou\&quot;                                             ">
    <skipped/>
  </testcase>
  <testcase time="0.007" classname="Then the system authorize him                                              " name="Then the system authorize him                                              ">
    <skipped/>
  </testcase>
</testsuite>